<?xml version="1.0" encoding="UTF-8"?>
<testng-results skipped="0" failed="0" total="1" passed="1">
  <reporter-output>
  </reporter-output>
  <suite name="Default suite" duration-ms="18451" started-at="2016-05-21T05:05:41Z" finished-at="2016-05-21T05:05:59Z">
    <groups>
    </groups>
    <test name="Default test" duration-ms="18451" started-at="2016-05-21T05:05:41Z" finished-at="2016-05-21T05:05:59Z">
      <class name="com.sqa.MA.MississaugaTest">
        <test-method status="PASS" signature="f(java.lang.Integer, java.lang.String)[pri:0, instance:com.sqa.MA.MississaugaTest@252119]" name="f" duration-ms="18427" started-at="2016-05-20T22:05:41Z" data-provider="mississaugaData" finished-at="2016-05-20T22:05:59Z">
          <params>
            <param index="0">
              <value>
                <![CDATA[1]]>
              </value>
            </param>
            <param index="1">
              <value>
                <![CDATA[a]]>
              </value>
            </param>
          </params>
          <reporter-output>
          </reporter-output>
        </test-method> <!-- f -->
      </class> <!-- com.sqa.MA.MississaugaTest -->
    </test> <!-- Default test -->
  </suite> <!-- Default suite -->
</testng-results>
